<?xml version="1.0" encoding="UTF-8"?>
<testng-results skipped="0" failed="1" ignored="0" total="1" passed="0">
  <reporter-output>
  </reporter-output>
  <suite name="Default suite" duration-ms="10474" started-at="2017-08-29T17:12:37Z" finished-at="2017-08-29T17:12:47Z">
    <groups>
    </groups>
    <test name="Default test" duration-ms="10474" started-at="2017-08-29T17:12:37Z" finished-at="2017-08-29T17:12:47Z">
      <class name="com.selenium.testScripts.TC01_EnterDetails">
        <test-method status="PASS" signature="setUp()[pri:0, instance:com.selenium.testScripts.TC01_EnterDetails@7b49cea0]" name="setUp" is-config="true" duration-ms="10425" started-at="2017-08-29T22:42:37Z" finished-at="2017-08-29T22:42:47Z">
          <reporter-output>
          </reporter-output>
        </test-method> <!-- setUp -->
        <test-method status="FAIL" signature="entryDetails()[pri:0, instance:com.selenium.testScripts.TC01_EnterDetails@7b49cea0]" name="entryDetails" duration-ms="15" started-at="2017-08-29T22:42:47Z" finished-at="2017-08-29T22:42:47Z">
          <exception class="java.lang.NullPointerException">
            <full-stacktrace>
              <![CDATA[java.lang.NullPointerException
	at com.selenium.testBase.TestBase.getWebElement(TestBase.java:217)
	at com.selenium.pageLibrary.HomePage.enterDetailsroundTrip(HomePage.java:33)
	at com.selenium.testScripts.TC01_EnterDetails.entryDetails(TC01_EnterDetails.java:23)
	at sun.reflect.NativeMethodAccessorImpl.invoke0(Native Method)
	at sun.reflect.NativeMethodAccessorImpl.invoke(Unknown Source)
	at sun.reflect.DelegatingMethodAccessorImpl.invoke(Unknown Source)
	at java.lang.reflect.Method.invoke(Unknown Source)
	at org.testng.internal.MethodInvocationHelper.invokeMethod(MethodInvocationHelper.java:108)
	at org.testng.internal.Invoker.invokeMethod(Invoker.java:661)
	at org.testng.internal.Invoker.invokeTestMethod(Invoker.java:869)
	at org.testng.internal.Invoker.invokeTestMethods(Invoker.java:1193)
	at org.testng.internal.TestMethodWorker.invokeTestMethods(TestMethodWorker.java:126)
	at org.testng.internal.TestMethodWorker.run(TestMethodWorker.java:109)
	at org.testng.TestRunner.privateRun(TestRunner.java:744)
	at org.testng.TestRunner.run(TestRunner.java:602)
	at org.testng.SuiteRunner.runTest(SuiteRunner.java:380)
	at org.testng.SuiteRunner.runSequentially(SuiteRunner.java:375)
	at org.testng.SuiteRunner.privateRun(SuiteRunner.java:340)
	at org.testng.SuiteRunner.run(SuiteRunner.java:289)
	at org.testng.SuiteRunnerWorker.runSuite(SuiteRunnerWorker.java:52)
	at org.testng.SuiteRunnerWorker.run(SuiteRunnerWorker.java:86)
	at org.testng.TestNG.runSuitesSequentially(TestNG.java:1301)
	at org.testng.TestNG.runSuitesLocally(TestNG.java:1226)
	at org.testng.TestNG.runSuites(TestNG.java:1144)
	at org.testng.TestNG.run(TestNG.java:1115)
	at org.testng.remote.AbstractRemoteTestNG.run(AbstractRemoteTestNG.java:132)
	at org.testng.remote.RemoteTestNG.initAndRun(RemoteTestNG.java:230)
	at org.testng.remote.RemoteTestNG.main(RemoteTestNG.java:76)
]]>
            </full-stacktrace>
          </exception> <!-- java.lang.NullPointerException -->
          <reporter-output>
          </reporter-output>
        </test-method> <!-- entryDetails -->
      </class> <!-- com.selenium.testScripts.TC01_EnterDetails -->
    </test> <!-- Default test -->
  </suite> <!-- Default suite -->
</testng-results>
